    ======  ======
    Time:2018/09/10 11:00:12 AM
    Title: Initiate log
    Message: 
    Time:2018/09/10 11:00:12 AM
    Title: Initiate InternalManager
    Message: Trying to Validate License
    Time:2018/09/10 11:00:12 AM
    Title: Requesting EVT
    Message: EVTP
    Time:2018/09/10 11:00:12 AM
    Title: Requesting Validation
    Message: ILMValidate
    Time:2018/09/10 11:00:12 AM
    Title: LICENSER
    Message: READ REGS START
    Time:2018/09/10 11:00:12 AM
    Title: LIC TS_KEY
    Message: NULL
    Time:2018/09/10 11:00:12 AM
    Title: LICENSER
    Message: READ REGS SUCCESS
    Time:2018/09/10 11:00:12 AM
    Title: LICENSER
    Message: FNF
    Time:2018/09/10 11:00:25 AM
    Title: Could not find file 'C:\ProgramData\Telerik\Hash.lic'.
    Message:    at System.IO.__Error.WinIOError(Int32 errorCode, String maybeFullPath)
   at System.IO.FileStream.Init(String path, FileMode mode, FileAccess access, Int32 rights, Boolean useRights, FileShare share, Int32 bufferSize, FileOptions options, SECURITY_ATTRIBUTES secAttrs, String msgPath, Boolean bFromProxy, Boolean useLongPath, Boolean checkHost)
   at System.IO.FileStream..ctor(String path, FileMode mode, FileAccess access, FileShare share)
   at Telerik.Licensing.Licenser.ReadHashPass()
    Time:2018/09/10 11:00:25 AM
    Title: Could not find file 'C:\ProgramData\Telerik\Hash.lic'.
    Message:    at System.IO.__Error.WinIOError(Int32 errorCode, String maybeFullPath)
   at System.IO.FileStream.Init(String path, FileMode mode, FileAccess access, Int32 rights, Boolean useRights, FileShare share, Int32 bufferSize, FileOptions options, SECURITY_ATTRIBUTES secAttrs, String msgPath, Boolean bFromProxy, Boolean useLongPath, Boolean checkHost)
   at System.IO.FileStream..ctor(String path, FileMode mode, FileAccess access, FileShare share)
   at Telerik.Licensing.Licenser.ReadHashPass()
    Entering constructor for: Microsoft.PythonTools.PythonToolsPackage
    Entering Initialize() of: Microsoft.PythonTools.PythonToolsPackage
    Feature '' is enabled for the current VSIX Xamarin.VisualStudio (3.11.1537)
    Feature '' is enabled for the current VSIX Xamarin.VisualStudio (3.11.1537)
    Feature '' is enabled for the current VSIX Xamarin.VisualStudio (3.11.1537)
    Entering constructor for: Xamarin.VisualStudio.Shell.XamarinShellPackage
    Entering constructor for: Telerik.CommonPackage.Telerik_CommonPackagePackage
    Entering Initialize() of: Telerik.CommonPackage.Telerik_CommonPackagePackage
    Failed to check for updates.
    TestWindow package loaded
    Informational: ------ Load Playlist started ------
    Informational: ========== Load Playlist finished (0:00:00,1409379) ==========
    Informational: ------ Discover test started ------
    Failed to check for updates.
    Informational: ========== Discover test finished: 0 found (0:01:24,7420184) ==========
    Failed to check for updates.
    Failed to check for updates.
    Failed to check for updates.
    Failed to check for updates.
    Failed to check for updates.
    Failed to check for updates.
    Failed to check for updates.
    Informational: ------ Discover test started ------
    Informational: ========== Discover test finished: 2 found (0:00:08,6821874) ==========
    Failed to check for updates.
